<?xml version="1.0" encoding="UTF-8"?>
<testAccounts xmlns="http://art-decor.org/ns/xis">
    <testAccount id="1" name="art-decor" displayName="ART-DECOR">
        <application id="84" name="Test System One" url="http://localhost:8877/xis" organizationRegisterId="00002222"/>
        <organization>
            <name>ART-DECOR</name>
            <contact>
                <name>ART-DECOR Info</name>
                <email>info@art-decor.org</email>
            </contact>
        </organization>
        <members>
            <user id="admin">Administrator</user>
            <user id="xis-webservice">xis-webservice</user>
            <user id="guest">Guest</user>
        </members>
        <xis>
            <applicationId>42</applicationId>
            <name>ART-DECOR XIS</name>
            <systemCertificateId>000000509</systemCertificateId>
            <organizationRegisterId>00000509</organizationRegisterId>
            <organizationRoleCode code="N6" displayName="Openbare apotheek"/>
            <organizationCity>Maastricht</organizationCity>
            <xmlResourcesPath></xmlResourcesPath>
        </xis>
    </testAccount>
</testAccounts>